<?xml version="1.0" encoding="utf-8"?><testsuites name="pytest tests"><testsuite name="pytest" errors="0" failures="0" skipped="0" tests="15" time="4.113" timestamp="2026-03-23T06:50:35.319097-05:00" hostname="agent-env-a22232a0-e6d5-4fd1-8b71-de8e1e7849c1"><testcase classname="tests.test_api.TestRegistration" name="test_register_new_user" time="0.519" /><testcase classname="tests.test_api.TestRegistration" name="test_register_duplicate_email_returns_400" time="0.185" /><testcase classname="tests.test_api.TestLogin" name="test_login_success" time="0.277" /><testcase classname="tests.test_api.TestLogin" name="test_login_wrong_password_returns_401" time="0.302" /><testcase classname="tests.test_api.TestLogin" name="test_me_requires_auth" time="0.112" /><testcase classname="tests.test_api.TestLogin" name="test_me_with_auth" time="0.437" /><testcase classname="tests.test_api.TestCVUpload" name="test_upload_cv_requires_auth" time="0.104" /><testcase classname="tests.test_api.TestCVUpload" name="test_get_cv_profile" time="0.119" /><testcase classname="tests.test_api.TestCVProfileUpdate" name="test_update_cv_profile" time="0.099" /><testcase classname="tests.test_api.TestPreferences" name="test_get_preferences" time="0.178" /><testcase classname="tests.test_api.TestPreferences" name="test_put_preferences" time="0.266" /><testcase classname="tests.test_api.TestPreferences" name="test_preferences_requires_auth" time="0.102" /><testcase classname="tests.test_api.TestSources" name="test_list_sources_returns_4" time="0.110" /><testcase classname="tests.test_api.TestSources" name="test_toggle_source" time="0.327" /><testcase classname="tests.test_api.TestSources" name="test_cannot_disable_last_source" time="0.921" /></testsuite></testsuites>